This file contains any messages produced by compilers while
running configure, to aid debugging if configure makes a mistake.

It was created by INVERT configure 1.01, which was
generated by GNU Autoconf 2.69.  Invocation command line was

  $ ./configure 

## --------- ##
## Platform. ##
## --------- ##

hostname = lxvannoort
uname -m = x86_64
uname -r = 4.9.6-gentoo-r1
uname -s = Linux
uname -v = #11 SMP Thu Mar 2 12:43:39 CET 2017

/usr/bin/uname -p = Intel(R) Xeon(R) CPU E5-1620 v3 @ 3.50GHz
/bin/uname -X     = unknown

/bin/arch              = unknown
/usr/bin/arch -k       = unknown
/usr/convex/getsysinfo = unknown
/usr/bin/hostinfo      = unknown
/bin/machine           = unknown
/usr/bin/oslevel       = unknown
/bin/universe          = unknown

PATH: /home/noort/bin
PATH: /usr/geda/bin
PATH: /usr/local/bin
PATH: /usr/realtime/bin
PATH: /opt/intel/bin/
PATH: /home/noort/bin
PATH: /usr/geda/bin
PATH: /usr/local/bin
PATH: /usr/realtime/bin
PATH: /opt/intel/bin/
PATH: /home/noort/bin
PATH: /usr/geda/bin
PATH: /usr/local/bin
PATH: /usr/realtime/bin
PATH: /opt/intel/bin/
PATH: /usr/local/bin
PATH: /usr/bin
PATH: /bin
PATH: /opt/bin
PATH: /usr/x86_64-pc-linux-gnu/gcc-bin/4.9.4
PATH: /usr/lib64/opencascade-6.7.1/ros/lin/bin


## ----------- ##
## Core tests. ##
## ----------- ##

configure:2132: checking for g++
configure:2148: found /usr/bin/g++
configure:2159: result: g++
configure:2186: checking for C++ compiler version
configure:2195: g++ --version >&5
g++ (Gentoo 4.9.4 p1.0, pie-0.6.4) 4.9.4
Copyright (C) 2015 Free Software Foundation, Inc.
This is free software; see the source for copying conditions.  There is NO
warranty; not even for MERCHANTABILITY or FITNESS FOR A PARTICULAR PURPOSE.

configure:2206: $? = 0
configure:2195: g++ -v >&5
Using built-in specs.
COLLECT_GCC=/usr/x86_64-pc-linux-gnu/gcc-bin/4.9.4/g++
COLLECT_LTO_WRAPPER=/usr/libexec/gcc/x86_64-pc-linux-gnu/4.9.4/lto-wrapper
Target: x86_64-pc-linux-gnu
Configured with: /var/tmp/portage/sys-devel/gcc-4.9.4/work/gcc-4.9.4/configure --host=x86_64-pc-linux-gnu --build=x86_64-pc-linux-gnu --prefix=/usr --bindir=/usr/x86_64-pc-linux-gnu/gcc-bin/4.9.4 --includedir=/usr/lib/gcc/x86_64-pc-linux-gnu/4.9.4/include --datadir=/usr/share/gcc-data/x86_64-pc-linux-gnu/4.9.4 --mandir=/usr/share/gcc-data/x86_64-pc-linux-gnu/4.9.4/man --infodir=/usr/share/gcc-data/x86_64-pc-linux-gnu/4.9.4/info --with-gxx-include-dir=/usr/lib/gcc/x86_64-pc-linux-gnu/4.9.4/include/g++-v4 --with-python-dir=/share/gcc-data/x86_64-pc-linux-gnu/4.9.4/python --enable-languages=c,c++,fortran --enable-obsolete --enable-secureplt --disable-werror --with-system-zlib --enable-nls --without-included-gettext --enable-checking=release --with-bugurl=https://bugs.gentoo.org/ --with-pkgversion='Gentoo 4.9.4 p1.0, pie-0.6.4' --enable-libstdcxx-time --enable-shared --enable-threads=posix --enable-__cxa_atexit --enable-clocale=gnu --enable-multilib --with-multilib-list=m32,m64 --disable-altivec --disable-fixed-point --enable-targets=all --disable-libgcj --enable-libgomp --disable-libmudflap --disable-libssp --disable-libcilkrts --enable-vtable-verify --enable-libvtv --enable-lto --without-cloog --enable-libsanitizer
Thread model: posix
gcc version 4.9.4 (Gentoo 4.9.4 p1.0, pie-0.6.4) 
configure:2206: $? = 0
configure:2195: g++ -V >&5
g++: error: unrecognized command line option '-V'
g++: fatal error: no input files
compilation terminated.
configure:2206: $? = 1
configure:2195: g++ -qversion >&5
g++: error: unrecognized command line option '-qversion'
g++: fatal error: no input files
compilation terminated.
configure:2206: $? = 1
configure:2226: checking whether the C++ compiler works
configure:2248: g++    conftest.cpp  >&5
configure:2252: $? = 0
configure:2300: result: yes
configure:2303: checking for C++ compiler default output file name
configure:2305: result: a.out
configure:2311: checking for suffix of executables
configure:2318: g++ -o conftest    conftest.cpp  >&5
configure:2322: $? = 0
configure:2344: result: 
configure:2366: checking whether we are cross compiling
configure:2374: g++ -o conftest    conftest.cpp  >&5
configure:2378: $? = 0
configure:2385: ./conftest
configure:2389: $? = 0
configure:2404: result: no
configure:2409: checking for suffix of object files
configure:2431: g++ -c   conftest.cpp >&5
configure:2435: $? = 0
configure:2456: result: o
configure:2460: checking whether we are using the GNU C++ compiler
configure:2479: g++ -c   conftest.cpp >&5
configure:2479: $? = 0
configure:2488: result: yes
configure:2497: checking whether g++ accepts -g
configure:2517: g++ -c -g  conftest.cpp >&5
configure:2517: $? = 0
configure:2558: result: yes
configure:2581: checking whether make sets $(MAKE)
configure:2603: result: yes
configure:2655: checking for ranlib
configure:2671: found /usr/bin/ranlib
configure:2682: result: ranlib
configure:2712: checking for exp in -lm
configure:2737: g++ -o conftest -g -O2   conftest.cpp -lm   >&5
configure:2737: $? = 0
configure:2746: result: yes
configure:2757: checking for pthread_create in -lpthread
configure:2782: g++ -o conftest -g -O2   conftest.cpp -lpthread  -lm  >&5
configure:2782: $? = 0
configure:2791: result: yes
configure:2802: checking for compress2 in -lz
configure:2827: g++ -o conftest -g -O2   conftest.cpp -lz  -lpthread -lm  >&5
configure:2827: $? = 0
configure:2836: result: yes
configure:2854: checking how to run the C++ preprocessor
configure:2881: g++ -E  conftest.cpp
configure:2881: $? = 0
configure:2895: g++ -E  conftest.cpp
conftest.cpp:12:28: fatal error: ac_nonexistent.h: No such file or directory
 #include <ac_nonexistent.h>
                            ^
compilation terminated.
configure:2895: $? = 1
configure: failed program was:
| /* confdefs.h */
| #define PACKAGE_NAME "INVERT"
| #define PACKAGE_TARNAME "invert"
| #define PACKAGE_VERSION "1.01"
| #define PACKAGE_STRING "INVERT 1.01"
| #define PACKAGE_BUGREPORT "noort@mps.mpg.de"
| #define PACKAGE_URL ""
| #define HAVE_LIBM 1
| #define HAVE_LIBPTHREAD 1
| #define HAVE_LIBZ 1
| /* end confdefs.h.  */
| #include <ac_nonexistent.h>
configure:2920: result: g++ -E
configure:2940: g++ -E  conftest.cpp
configure:2940: $? = 0
configure:2954: g++ -E  conftest.cpp
conftest.cpp:12:28: fatal error: ac_nonexistent.h: No such file or directory
 #include <ac_nonexistent.h>
                            ^
compilation terminated.
configure:2954: $? = 1
configure: failed program was:
| /* confdefs.h */
| #define PACKAGE_NAME "INVERT"
| #define PACKAGE_TARNAME "invert"
| #define PACKAGE_VERSION "1.01"
| #define PACKAGE_STRING "INVERT 1.01"
| #define PACKAGE_BUGREPORT "noort@mps.mpg.de"
| #define PACKAGE_URL ""
| #define HAVE_LIBM 1
| #define HAVE_LIBPTHREAD 1
| #define HAVE_LIBZ 1
| /* end confdefs.h.  */
| #include <ac_nonexistent.h>
configure:2983: checking for grep that handles long lines and -e
configure:3041: result: /bin/grep
configure:3046: checking for egrep
configure:3108: result: /bin/grep -E
configure:3113: checking for ANSI C header files
configure:3133: g++ -c -g -O2  conftest.cpp >&5
configure:3133: $? = 0
configure:3206: g++ -o conftest -g -O2   conftest.cpp -lz -lpthread -lm  >&5
configure:3206: $? = 0
configure:3206: ./conftest
configure:3206: $? = 0
configure:3217: result: yes
configure:3230: checking for sys/types.h
configure:3230: g++ -c -g -O2  conftest.cpp >&5
configure:3230: $? = 0
configure:3230: result: yes
configure:3230: checking for sys/stat.h
configure:3230: g++ -c -g -O2  conftest.cpp >&5
configure:3230: $? = 0
configure:3230: result: yes
configure:3230: checking for stdlib.h
configure:3230: g++ -c -g -O2  conftest.cpp >&5
configure:3230: $? = 0
configure:3230: result: yes
configure:3230: checking for string.h
configure:3230: g++ -c -g -O2  conftest.cpp >&5
configure:3230: $? = 0
configure:3230: result: yes
configure:3230: checking for memory.h
configure:3230: g++ -c -g -O2  conftest.cpp >&5
configure:3230: $? = 0
configure:3230: result: yes
configure:3230: checking for strings.h
configure:3230: g++ -c -g -O2  conftest.cpp >&5
configure:3230: $? = 0
configure:3230: result: yes
configure:3230: checking for inttypes.h
configure:3230: g++ -c -g -O2  conftest.cpp >&5
configure:3230: $? = 0
configure:3230: result: yes
configure:3230: checking for stdint.h
configure:3230: g++ -c -g -O2  conftest.cpp >&5
configure:3230: $? = 0
configure:3230: result: yes
configure:3230: checking for unistd.h
configure:3230: g++ -c -g -O2  conftest.cpp >&5
configure:3230: $? = 0
configure:3230: result: yes
configure:3245: checking stdio.h usability
configure:3245: g++ -c -g -O2  conftest.cpp >&5
configure:3245: $? = 0
configure:3245: result: yes
configure:3245: checking stdio.h presence
configure:3245: g++ -E  conftest.cpp
configure:3245: $? = 0
configure:3245: result: yes
configure:3245: checking for stdio.h
configure:3245: result: yes
configure:3245: checking for stdlib.h
configure:3245: result: yes
configure:3245: checking for string.h
configure:3245: result: yes
configure:3245: checking pthread.h usability
configure:3245: g++ -c -g -O2  conftest.cpp >&5
configure:3245: $? = 0
configure:3245: result: yes
configure:3245: checking pthread.h presence
configure:3245: g++ -E  conftest.cpp
configure:3245: $? = 0
configure:3245: result: yes
configure:3245: checking for pthread.h
configure:3245: result: yes
configure:3256: checking if the compiler requires -pthread
configure:3267: g++ -c -g -O2  conftest.cpp >&5
configure:3267: $? = 0
configure:3268: result: no
configure:3279: checking for int64_t definition
configure:3297: g++ -o conftest -g -O2   conftest.cpp -lz -lpthread -lm  >&5
configure:3297: $? = 0
configure:3297: ./conftest
configure:3297: $? = 0
configure:3301: result: long int
configure:3312: checking for socklen_t in unistd.h or netdb.h
configure:3331: g++ -o conftest -g -O2   conftest.cpp -lz -lpthread -lm  >&5
configure:3331: $? = 0
configure:3331: ./conftest
configure:3331: $? = 0
configure:3335: result: yes
configure:3414: checking for pkg-config
configure:3432: found /usr/bin/pkg-config
configure:3444: result: /usr/bin/pkg-config
configure:3469: checking pkg-config is at least version 0.9.0
configure:3472: result: yes
configure:3494: checking for CFITSIO
configure:3501: $PKG_CONFIG --exists --print-errors "cfitsio >= 2.0"
configure:3504: $? = 0
configure:3518: $PKG_CONFIG --exists --print-errors "cfitsio >= 2.0"
configure:3521: $? = 0
configure:3565: result: yes
configure:3578: checking if CFITSIO functional
configure:3594: g++ -o conftest -g -O2     conftest.cpp -lz -lpthread -lm  -lcfitsio -lz  >&5
configure:3594: $? = 0
configure:3595: result: yes
configure:3637: checking for fftw3
configure:3644: $PKG_CONFIG --exists --print-errors "fftw3 >= 3.2"
configure:3647: $? = 0
configure:3661: $PKG_CONFIG --exists --print-errors "fftw3 >= 3.2"
configure:3664: $? = 0
configure:3708: result: yes
configure:3721: checking if FFTW3 functional
configure:3736: g++ -o conftest -g -O2     conftest.cpp -lz -lpthread -lm  -lfftw3  >&5
configure:3736: $? = 0
configure:3737: result: yes
configure:3868: creating ./config.status

## ---------------------- ##
## Running config.status. ##
## ---------------------- ##

This file was extended by INVERT config.status 1.01, which was
generated by GNU Autoconf 2.69.  Invocation command line was

  CONFIG_FILES    = 
  CONFIG_HEADERS  = 
  CONFIG_LINKS    = 
  CONFIG_COMMANDS = 
  $ ./config.status 

on lxvannoort

config.status:840: creating Makefile
config.status:840: creating cmlib/Makefile
config.status:840: creating grid/Makefile
config.status:840: creating atmos/Makefile
config.status:840: creating atmos/plpar/Makefile
config.status:840: creating atmos/atmol/Makefile
config.status:840: creating atmos/atmol/atom/H/Makefile
config.status:840: creating atmos/atmol/atom/He/Makefile
config.status:840: creating atmos/atmol/atom/Makefile
config.status:840: creating atmos/atmol/mol/Makefile
config.status:840: creating jdel/Makefile
config.status:840: creating jstat/Makefile
config.status:840: creating jsub/Makefile
config.status:840: creating master/Makefile
config.status:840: creating sdel/Makefile
config.status:840: creating slave/Makefile
config.status:840: creating slave/nr/Makefile
config.status:840: creating config.h
config.status:1010: config.h is unchanged

## ---------------- ##
## Cache variables. ##
## ---------------- ##

ac_cv_cxx_compiler_gnu=yes
ac_cv_env_CCC_set=
ac_cv_env_CCC_value=
ac_cv_env_CFITSIO_CFLAGS_set=
ac_cv_env_CFITSIO_CFLAGS_value=
ac_cv_env_CFITSIO_LIBS_set=
ac_cv_env_CFITSIO_LIBS_value=
ac_cv_env_CPPFLAGS_set=
ac_cv_env_CPPFLAGS_value=
ac_cv_env_CXXCPP_set=
ac_cv_env_CXXCPP_value=
ac_cv_env_CXXFLAGS_set=
ac_cv_env_CXXFLAGS_value=
ac_cv_env_CXX_set=
ac_cv_env_CXX_value=
ac_cv_env_LDFLAGS_set=
ac_cv_env_LDFLAGS_value=
ac_cv_env_LIBS_set=
ac_cv_env_LIBS_value=
ac_cv_env_PKG_CONFIG_LIBDIR_set=
ac_cv_env_PKG_CONFIG_LIBDIR_value=
ac_cv_env_PKG_CONFIG_PATH_set=set
ac_cv_env_PKG_CONFIG_PATH_value=/usr/local/geda/lib/pkgconfig:/usr/local/geda/lib/pkgconfig:/usr/local/geda/lib/pkgconfig
ac_cv_env_PKG_CONFIG_set=
ac_cv_env_PKG_CONFIG_value=
ac_cv_env_build_alias_set=
ac_cv_env_build_alias_value=
ac_cv_env_fftw3_CFLAGS_set=
ac_cv_env_fftw3_CFLAGS_value=
ac_cv_env_fftw3_LIBS_set=
ac_cv_env_fftw3_LIBS_value=
ac_cv_env_host_alias_set=
ac_cv_env_host_alias_value=
ac_cv_env_target_alias_set=
ac_cv_env_target_alias_value=
ac_cv_header_inttypes_h=yes
ac_cv_header_memory_h=yes
ac_cv_header_pthread_h=yes
ac_cv_header_stdc=yes
ac_cv_header_stdint_h=yes
ac_cv_header_stdio_h=yes
ac_cv_header_stdlib_h=yes
ac_cv_header_string_h=yes
ac_cv_header_strings_h=yes
ac_cv_header_sys_stat_h=yes
ac_cv_header_sys_types_h=yes
ac_cv_header_unistd_h=yes
ac_cv_lib_m_exp=yes
ac_cv_lib_pthread_pthread_create=yes
ac_cv_lib_z_compress2=yes
ac_cv_objext=o
ac_cv_path_EGREP='/bin/grep -E'
ac_cv_path_GREP=/bin/grep
ac_cv_path_ac_pt_PKG_CONFIG=/usr/bin/pkg-config
ac_cv_prog_CXXCPP='g++ -E'
ac_cv_prog_ac_ct_CXX=g++
ac_cv_prog_ac_ct_RANLIB=ranlib
ac_cv_prog_cxx_g=yes
ac_cv_prog_make_make_set=yes
pkg_cv_CFITSIO_CFLAGS=
pkg_cv_CFITSIO_LIBS='-lcfitsio -lz '
pkg_cv_fftw3_CFLAGS=
pkg_cv_fftw3_LIBS='-lfftw3 '

## ----------------- ##
## Output variables. ##
## ----------------- ##

AR='ar'
CFITSIO_CFLAGS=''
CFITSIO_LIBS='-lcfitsio -lz '
COMPILER='g++'
CPPFLAGS=''
CXX='g++'
CXXCPP='g++ -E'
CXXFLAGS='-g -O2'
DEFS='-DHAVE_CONFIG_H'
ECHO_C=''
ECHO_N='-n'
ECHO_T=''
EGREP='/bin/grep -E'
EXEEXT=''
FFTW3INCFLAGS=''
FFTW3LDFLAGS=''
FFTW3LIBS='-lfftw3 '
FITSINCFLAGS=''
FITSLDFLAGS=''
FITSLIBS='-lcfitsio -lz '
GREP='/bin/grep'
LDFLAGS=''
LIBOBJS=''
LIBS='-lz -lpthread -lm '
LTLIBOBJS=''
OBJEXT='o'
PACKAGE_BUGREPORT='noort@mps.mpg.de'
PACKAGE_NAME='INVERT'
PACKAGE_STRING='INVERT 1.01'
PACKAGE_TARNAME='invert'
PACKAGE_URL=''
PACKAGE_VERSION='1.01'
PATH_SEPARATOR=':'
PKG_CONFIG='/usr/bin/pkg-config'
PKG_CONFIG_LIBDIR=''
PKG_CONFIG_PATH='/usr/local/geda/lib/pkgconfig:/usr/local/geda/lib/pkgconfig:/usr/local/geda/lib/pkgconfig'
PTHREADFLAG=''
RANLIB='ranlib'
SET_MAKE=''
SHELL='/bin/sh'
ac_ct_CXX='g++'
bindir='${exec_prefix}/bin'
build_alias=''
datadir='${datarootdir}'
datarootdir='${prefix}/share'
docdir='${datarootdir}/doc/${PACKAGE_TARNAME}'
dvidir='${docdir}'
exec_prefix='${prefix}'
fftw3_CFLAGS=''
fftw3_LIBS='-lfftw3 '
host_alias=''
htmldir='${docdir}'
includedir='${prefix}/include'
infodir='${datarootdir}/info'
libdir='${exec_prefix}/lib'
libexecdir='${exec_prefix}/libexec'
localedir='${datarootdir}/locale'
localstatedir='${prefix}/var'
mandir='${datarootdir}/man'
oldincludedir='/usr/include'
pdfdir='${docdir}'
prefix='/usr/local'
program_transform_name='s,x,x,'
psdir='${docdir}'
sbindir='${exec_prefix}/sbin'
sharedstatedir='${prefix}/com'
sysconfdir='${prefix}/etc'
target_alias=''

## ----------- ##
## confdefs.h. ##
## ----------- ##

/* confdefs.h */
#define PACKAGE_NAME "INVERT"
#define PACKAGE_TARNAME "invert"
#define PACKAGE_VERSION "1.01"
#define PACKAGE_STRING "INVERT 1.01"
#define PACKAGE_BUGREPORT "noort@mps.mpg.de"
#define PACKAGE_URL ""
#define HAVE_LIBM 1
#define HAVE_LIBPTHREAD 1
#define HAVE_LIBZ 1
#define STDC_HEADERS 1
#define HAVE_SYS_TYPES_H 1
#define HAVE_SYS_STAT_H 1
#define HAVE_STDLIB_H 1
#define HAVE_STRING_H 1
#define HAVE_MEMORY_H 1
#define HAVE_STRINGS_H 1
#define HAVE_INTTYPES_H 1
#define HAVE_STDINT_H 1
#define HAVE_UNISTD_H 1
#define HAVE_STDIO_H 1
#define HAVE_STDLIB_H 1
#define HAVE_STRING_H 1
#define HAVE_PTHREAD_H 1
#define LONG_INT64_T 1
#define HAVE_SOCKLEN_T 1

configure: exit 0
