../atmos/libatmos.a(atmol.o):(.rodata._ZTV5atmol[_ZTV5atmol]+0x58): undefined reference to `atmol::opacity_vector(double***, double***, double***, double***, double***, double, double, double)'
../atmos/libatmos.a(atmol.o):(.rodata._ZTV5atmol[_ZTV5atmol]+0x60): undefined reference to `atmol::emissivity_vector(double***, double***, double***, double***, double***, double, double, double)'
../atmos/libatmos.a(mol.o):(.rodata._ZTV3mol[_ZTV3mol]+0x58): undefined reference to `atmol::opacity_vector(double***, double***, double***, double***, double***, double, double, double)'
../atmos/libatmos.a(mol.o):(.rodata._ZTV3mol[_ZTV3mol]+0x60): undefined reference to `atmol::emissivity_vector(double***, double***, double***, double***, double***, double, double, double)'
../atmos/libatmos.a(mol.o):(.rodata._ZTV11h_minus_mol[_ZTV11h_minus_mol]+0x58): undefined reference to `atmol::opacity_vector(double***, double***, double***, double***, double***, double, double, double)'
../atmos/libatmos.a(mol.o):(.rodata._ZTV11h_minus_mol[_ZTV11h_minus_mol]+0x60): undefined reference to `atmol::emissivity_vector(double***, double***, double***, double***, double***, double, double, double)'
collect2: error: ld returned 1 exit status
make[1]: *** [all] Error 1
../atmos/libatmos.a(atmol.o):(.rodata._ZTV5atmol[_ZTV5atmol]+0x58): undefined reference to `atmol::opacity_vector(double***, double***, double***, double***, double***, double, double, double)'
../atmos/libatmos.a(atmol.o):(.rodata._ZTV5atmol[_ZTV5atmol]+0x60): undefined reference to `atmol::emissivity_vector(double***, double***, double***, double***, double***, double, double, double)'
../atmos/libatmos.a(mol.o):(.rodata._ZTV3mol[_ZTV3mol]+0x58): undefined reference to `atmol::opacity_vector(double***, double***, double***, double***, double***, double, double, double)'
../atmos/libatmos.a(mol.o):(.rodata._ZTV3mol[_ZTV3mol]+0x60): undefined reference to `atmol::emissivity_vector(double***, double***, double***, double***, double***, double, double, double)'
../atmos/libatmos.a(mol.o):(.rodata._ZTV11h_minus_mol[_ZTV11h_minus_mol]+0x58): undefined reference to `atmol::opacity_vector(double***, double***, double***, double***, double***, double, double, double)'
../atmos/libatmos.a(mol.o):(.rodata._ZTV11h_minus_mol[_ZTV11h_minus_mol]+0x60): undefined reference to `atmol::emissivity_vector(double***, double***, double***, double***, double***, double, double, double)'
collect2: error: ld returned 1 exit status
make[1]: *** [all] Error 1
../atmos/libatmos.a(atmol.o):(.rodata._ZTV5atmol[_ZTV5atmol]+0x58): undefined reference to `atmol::opacity_vector(double***, double***, double***, double***, double***, double, double, double)'
../atmos/libatmos.a(atmol.o):(.rodata._ZTV5atmol[_ZTV5atmol]+0x60): undefined reference to `atmol::emissivity_vector(double***, double***, double***, double***, double***, double, double, double)'
../atmos/libatmos.a(mol.o):(.rodata._ZTV3mol[_ZTV3mol]+0x58): undefined reference to `atmol::opacity_vector(double***, double***, double***, double***, double***, double, double, double)'
../atmos/libatmos.a(mol.o):(.rodata._ZTV3mol[_ZTV3mol]+0x60): undefined reference to `atmol::emissivity_vector(double***, double***, double***, double***, double***, double, double, double)'
../atmos/libatmos.a(mol.o):(.rodata._ZTV11h_minus_mol[_ZTV11h_minus_mol]+0x58): undefined reference to `atmol::opacity_vector(double***, double***, double***, double***, double***, double, double, double)'
../atmos/libatmos.a(mol.o):(.rodata._ZTV11h_minus_mol[_ZTV11h_minus_mol]+0x60): undefined reference to `atmol::emissivity_vector(double***, double***, double***, double***, double***, double, double, double)'
collect2: error: ld returned 1 exit status
make[1]: *** [all] Error 1
make: *** [all] Error 2
