
 **************************************************
 * 15:00 *   XXXXX  XXXX   X  X   X  XXXXX  XXX   *
 * 2007 *   X      X   X  X  X X  X  X   X  X  X  *
 * Jun *   XXXXX  XXXXX  X  X   X X  X   X  XXX   *
 * 25 *       X  X      X  X     XX  X   X  X  X  *
 *   *   XXXXX  X      X  X       X  XXXXX  X   X *
 **************************************************

 STARTED AT:20150205153125.806

 ENVIRONMENT SETTINGS:
 INV_MODCON = 
 STO_ATMOL  = 
 STO_ATMOS  = 

 VERSIONS:
 Atomar,moleclar data= v2000.2 
 Input files         = v2001.5   

 GLOBAL PARAMETERS:
 ---Types----
 DP,SP,I4B,LGT   =    8    4    4    4
 ---Stopro---
 NTWL, NBL       =   -1   -1
 NDPTH           =   -1
 ---Invert---
 NWLD, NSPD      =   -1   -1
 NCFTQ, NCFIT    =    2    4
 NATMAX          =   10
 NDIMRF          =   20
 ICMAX, NUMCPL   =  100   -1
 NTMU            =   15
 >>
 NBIGRF          =  401


 READING PARAMETER INPUT FILE...inv.inp   
 >
 > ITER     CHISQ      REDCHI
 >    2    0.2647E+07   4487.
 >
 >  'BEGIN'
 >#inp
 >  'AMINP'     'atom.dat'         #atomic data file, laboratory wavelength
 >  'OBINP'     '-'                #profiles to be fitted
 >  'WLBND'     'Y'                #wl-range in sep. file Y/N
 >  'FITIC'     'N'                #fit continuum
 >  'INORM'     'HSRA'             #cont.norm. ('HSRA':Borrero(Nov08),'1':Unity, 'NONE': no normalization)
 >  'MODRF'     't'                #RF modifiers
 >#preprocessing
 >  'ICCOR'      1.0000            #continuum correction
 >  'SCLSV'      0.0000            #change sign of V (ZIMPOL)
 >  'ROTQU'      0.0000            #rotate Q-U (ZIMPOL)
 >  'PPROC'     'N'                #call special preproc. routines
 >  'WTFAM'     'N'                #wavelet transformation
 >  'WTNCO'      0                 #number of coeff for wavelet trafo
 >  'WTTHR'     'S'                #threshold for wavelet trafo
 >#form
 >  'SFORM'     'X'                #O=OldFTS,N=NewFTS,I=IRFTS,S=STO,E=ESO,T=TIP
 >#out
 >  'COOUT'     'N'                #detailed log-file: 'Y'/'N'
 >  'OBOUT'     'out_rf.dat'       #profiles being fitted
 >  'BFOUT'     'bfit_rf.dat'      #best fit stokes profiles
 >  'PAOUT'     'finp_rf.dat'      #best fit parameters
 >  'EROUT'     'err_rf.dat'       #estimated error in fitted parameters
 >  'FAANS'     'N'                #write ('Y'/'N') final atmosphere
 >  'FANAM'     'atmos_rf'         #filename for final atmosphere
 >  'TAANS'     'N'                #write ('A'/'Y'/'N') atmos test out
 >  'TANAM'     'atm_rf.dat'       #filename for atmos test out
 >  'DYANS'     'N'                #write ('A'/'F'/'N') dyda test out
 >  'DYNAM'     'dyda_rf.dat'      #filename for dyda test out
 >#core
 >  'RTESO'     'H'                #RTE-solver: [D]ELO, [H]ermitian
 >  'RFANS'     'N'                #RF-TEST: All derivatives calc. without RFs
 >  'LMSVD'     'F'                #SVD method ('F':Marquardt,'G':Goulub&Reinsch)
 >  'LMSCL'     'S'                #SVD scaling ('1':none,'S':Marq.,'R':RuizCobo)
 >#fit: ittot=-1 <=> STOPRO MODE
 >  'ITTOT'     -1                 #last iteration number
 >  'IT1ST'      1                 #first last iteration number
 >  'EMODE'      1                 #DO NOT CHANGE
 >  'AL1ST'      0.10000           #DO NOT CHANGE
 >  'ALINC'     10.000             #DO NOT CHANGE
 >  'ALDEC'      0.10000           #DO NOT CHANGE
 >  'RFGRD'      0                 #number of iter for rfgrid update
 >  'WTREG'     20.000             #weight for regularization (0.0=off)
 >  'CHMIN'      5.0000            #min. regularizatuion (>=1.0)
 >  'SISPL'      5.0000            #tension factor for spline interpolation
 >  'EPSVD'      0.10000E-04       #singular value threshold value for SVD
 >  'CONFL'      0.68300           #confidence level
 >  'KRANS'     '5'                #determine kappa_c ('5':5000,'R':Rosseland)
 >  'DLGRP'     10.000             #delta WL for use of same kappa_c
 >  'BISEC'      0.0000            #cut-off for chord-levels (0=off)
 >#type of model
 >  'MODEL'     'B'                #type of model
 >  'RTYPE'     '1'                #type of model atmosphere = '1'|'2'|'S'|'3'
 >#stokes profiles to be fitted
 >  'STOKE'     'IVQU'             #type of Stokes spectra
 >#postprocessing
 >  'MIRRO'     'N'                #mirror
 >  'FNMAC'     'V'                #macro-trb broad V=Vgt,E=Exp,T=rad-Tang,S=Sinc
 >  'FNINS'     'V'                #instr. broad. V=Vgt,E=Exp,T=rad-Tang,S=Sinc,F=File
 >#multi-ray/flux-tube  models
 >  'TGEOM'     'C'                #flux tube geometry = 'C'|'S'
 >  'NRAYS'      1                 #number of rays
 >  'NPLAN'      1                 #number of rays along which the RTE is solved
 >  'IRTST'      0                 #test mode for 3D ray code
 >  'IPTST'      0                 #test mode for 3D ray code
 >#disk integration
 >  'NUMMU'      1                 #number of diff. mu-values for disk integr.
 >#component, atmospheres
 >  'NCOMP'      1                 #number of components
 >  'NUMAT'      1                 #list of numbers of model atmospheres
 >  'ATNAM'     'falc.dat'         #list of filenames with tabulated atmospheres
 >#-----------------------------------------------------------------------------
 >  'PART2'

 PART 1 of 2 read.

 IMaX FITS-mode. Using profile.wlb and profile.ics
 Data file is IMaX-type. Position           -1          -1
 READING ATOMIC DATA FROM atom.dat

 READING PART 2...
 >  'LTTOP'     -6.0000       0.00       0.00    0    1    0
 >  'LTINC'      0.1000       0.00       0.00    0    1    0
 >  'TMINC'     25.0000       0.00       0.00    0    1    0
 >  'VMICI'      0.1000       0.10       5.0     0    1    0
 >  'KCWLR'      5000.        0.0        0.0     0    0    0

 PARINP: PART 2 of 2 READ.
         NUMBER OF PARAMS:           5


 READING ATM/RAY   1 FROM FILE falc.dat
 NDPTS=  57, WEIGHT=  1.0000
 CHI NOT PRESENT, SET TO ZERO. REOPENING FILE...
 -7.54493  2.12E+08  9983.0     0.0     0.00     0.00     0.00
  1.37282 -9.89E+06  9400.0     0.0     0.00     0.00     0.00

 PARSING PARAMETERS (CONSISTENCY CHECKS)...

 ACCESS:
 -MA          =    5
 -MFITRF      =    1
 -MFITMAX     =    0

 DONE.


 NO. OF COMPONENTS:  1

 FITTYP="B", MODEL WITH CONSTANT OR LINEAR B

 INPUT ATMOSPHERE(S), FOR  COMPONENT  1  :  falc.dat

 STOKES PROFILES TO BE FITTED :  IVQU 
 CALCULATED PROFILES MIRRORED?:  N

 TYPE OF MACROTURBULENCE PROFILE: V
 TYPE OF INSTRUMENTAL PROFILE   : V

 NMU=  1, NRAYS=  1, NPLANES=  1

   I      APARS      CPARS ICOMP LINNO IFITA IFULL
 ==================================================
   1    -6.00000      LTTOP   1     0     0     0
   2    0.100000      LTINC   1     0     0     0
   3     25.0000      TMINC   1     0     0     0
   4    0.100000      VMICI   1     0     0     1
   5     5000.00      KCWLR   0     0     0     0


   I  CPARS ICOMP NDEPRF LISTRF/(ICOUPRF)
 =========================================
   1  VMICI    1     1 :    4


 ICCREF:   1
 ICCSUR:   0
 ICCVEL:   0

 ========================================================

 NOOBSINP (STOPRO MODE):
 - wavelength grid and boundaries
   taken from atomic/molecular data file

 READING ATM/RAY   1 FROM FILE hsrasp.dat
 NDPTS=  88, WEIGHT=  1.0000
 CHI NOT PRESENT, SET TO ZERO. REOPENING FILE...
 -7.00000  1.02E+08  3780.0     0.0     0.00     0.00     0.00
  3.40000 -4.51E+07 12530.0     0.0     0.00     0.00     0.00

 INITIALIZING OPACITY PACKGE
     INJON    CPU=   0.000 S
     INABS    CPU=   0.000 S
     INLIN    CPU=   0.000 S
 OPINIT DONE.

 TE=5600(THETA=0.9), LOG(PE)=1.0
 ---------------------------------
 KAPPA_5000=  0.19066803856363715     
 Refining logtau grid, TLGRID=  0.0500
  TMGRID=100.0000
 NEW NUMBER ACCORDING TO TLGRID/TMGRID UPDATE :         262
 CLOSING OPACITY PACKAGE...
 DONE.

 READING ATM/RAY   1 FROM FILE hsrasp.dat
 NDPTS=  88, WEIGHT=  1.0000
 CHI NOT PRESENT, SET TO ZERO. REOPENING FILE...
 -7.00000  1.02E+08  3780.0     0.0     0.00     0.00     0.00
  3.40000 -4.51E+07 12530.0     0.0     0.00     0.00     0.00

 INITIALIZING OPACITY PACKGE
     INJON    CPU=   0.010 S
     INABS    CPU=   0.000 S
     INLIN    CPU=   0.000 S
 OPINIT DONE.

 TE=5600(THETA=0.9), LOG(PE)=1.0
 ---------------------------------
 KAPPA_5000=  0.19066803856363715     
 Refining logtau grid, TLGRID=  0.0500
  TMGRID=100.0000
 NEW NUMBER ACCORDING TO TLGRID/TMGRID UPDATE :         262
 CLOSING OPACITY PACKAGE...
 DONE.

 READING ATM/RAY   1 FROM FILE hsrasp.dat
 NDPTS=  88, WEIGHT=  1.0000
 CHI NOT PRESENT, SET TO ZERO. REOPENING FILE...
 -7.00000  1.02E+08  3780.0     0.0     0.00     0.00     0.00
  3.40000 -4.51E+07 12530.0     0.0     0.00     0.00     0.00

 INITIALIZING OPACITY PACKGE
     INJON    CPU=   0.000 S
     INABS    CPU=   0.010 S
     INLIN    CPU=   0.000 S
 OPINIT DONE.

 TE=5600(THETA=0.9), LOG(PE)=1.0
 ---------------------------------
 KAPPA_5000=  0.19066803856363715     
 Refining logtau grid, TLGRID=  0.0500
  TMGRID=100.0000
 NEW NUMBER ACCORDING TO TLGRID/TMGRID UPDATE :         270
 CLOSING OPACITY PACKAGE...
 DONE.

 READING ATM/RAY   1 FROM FILE hsrasp.dat
 NDPTS=  88, WEIGHT=  1.0000
 CHI NOT PRESENT, SET TO ZERO. REOPENING FILE...
 -7.00000  1.02E+08  3780.0     0.0     0.00     0.00     0.00
  3.40000 -4.51E+07 12530.0     0.0     0.00     0.00     0.00

 INITIALIZING OPACITY PACKGE
     INJON    CPU=   0.000 S
     INABS    CPU=   0.010 S
     INLIN    CPU=   0.000 S
 OPINIT DONE.

 TE=5600(THETA=0.9), LOG(PE)=1.0
 ---------------------------------
 KAPPA_5000=  0.19066803856363715     
 Refining logtau grid, TLGRID=  0.0500
  TMGRID=100.0000
 NEW NUMBER ACCORDING TO TLGRID/TMGRID UPDATE :         280
 CLOSING OPACITY PACKAGE...
 DONE.

 READING ATM/RAY   1 FROM FILE hsrasp.dat
 NDPTS=  88, WEIGHT=  1.0000
 CHI NOT PRESENT, SET TO ZERO. REOPENING FILE...
 -7.00000  1.02E+08  3780.0     0.0     0.00     0.00     0.00
  3.40000 -4.51E+07 12530.0     0.0     0.00     0.00     0.00

 INITIALIZING OPACITY PACKGE
     INJON    CPU=   0.000 S
     INABS    CPU=   0.000 S
     INLIN    CPU=   0.000 S
 OPINIT DONE.

 TE=5600(THETA=0.9), LOG(PE)=1.0
 ---------------------------------
 KAPPA_5000=  0.19066803856363715     
 Refining logtau grid, TLGRID=  0.0500
  TMGRID=100.0000
 NEW NUMBER ACCORDING TO TLGRID/TMGRID UPDATE :         280
 CLOSING OPACITY PACKAGE...
 DONE.

 INITIALIZING OPACITY PACKGE
     INJON    CPU=   0.000 S
     INABS    CPU=   0.010 S
     INLIN    CPU=   0.000 S
 OPINIT DONE.

 TE=5600(THETA=0.9), LOG(PE)=1.0
 ---------------------------------
 KAPPA_5000=  0.19066803856363715     
  
 WRITING OBSERVED PROFILES...
 NOOBSINP (STOPRO MODE):
 - wavelength grid and boundaries
   taken from atomic/molecular data file
 TOTAL NUMBER OF PARAMETERS:         MA=   5
 NUMBER OF ACTIVE PARAMETERS:      MFIT=   0
 DEGREES OF FREEDOM OF PROBLEM:      NU=4720.0000
 STANDARD ERROR ESTIMATION:      DCHI^2=   1.0013

 MRQMIN: INITIAL CALL TO MRQCOF

 MRQMIN: STOPRO-MODE



 ALLOC(CALLSTO) ATMs  :   0.005 MB
 ALLOC(CALLSTO) RAYs  :   0.000 MB
 ALLOC(CALLSTO) STOIMU:   1.206 MB
 ALLOC(CALLSTO) SKEEP :   0.301 MB

 GETATM: FULL=      T

 ZEEMAN SHIFTS/STRENGTHS:
   Element, Ion, wlref[A]: FeI    5247.0490
   Jl, Ju                         =   2.000   3.000
   Lande factors (LS) gl,gu,geff  =   1.500   1.750   2.000
   Transition type: b  Delta M =  1  Multiplicity =   5 :
          Shift:    -2.89201E-02 mA;       Str.:     1.07143E-01
          Shift:    -2.57067E-02 mA;       Str.:     7.14286E-02
          Shift:    -2.24934E-02 mA;       Str.:     4.28571E-02
          Shift:    -1.92801E-02 mA;       Str.:     2.14286E-02
          Shift:    -1.60667E-02 mA;       Str.:     7.14286E-03
   Transition type: p  Delta M =  0  Multiplicity =   5 :
          Shift:    -6.42668E-03 mA;       Str.:     7.14286E-02
          Shift:    -3.21334E-03 mA;       Str.:     1.14286E-01
          Shift:     0.00000E+00 mA;       Str.:     1.28571E-01
          Shift:     3.21334E-03 mA;       Str.:     1.14286E-01
          Shift:     6.42668E-03 mA;       Str.:     7.14286E-02
   Transition type: r  Delta M = -1  Multiplicity =   5 :
          Shift:     1.60667E-02 mA;       Str.:     7.14286E-03
          Shift:     1.92801E-02 mA;       Str.:     2.14286E-02
          Shift:     2.24934E-02 mA;       Str.:     4.28571E-02
          Shift:     2.57067E-02 mA;       Str.:     7.14286E-02
          Shift:     2.89201E-02 mA;       Str.:     1.07143E-01
   (Un-split line has unit strength.)
 COLLISIONAL DAMPING: (Anstee,Barklem,OMara)
   Element, Ion, wlref[A]     :      FeI   5247.0490
   Lower state N*, l, cfg     :     1.319         0    s2 a5D
   Upper state N*, l, cfg     :     1.579         1    (5D)sp z7D
   sigma [a.u.], alpha        :   205.773     0.253
   w/N [E-8 rad/s/cm3] T=5000 :     0.580
   E_emp, E_new        T=5000 :     1.000     3.355
 OSCILLATOR STRENGTH/NUMBER DENSITIES
   loggf, abund(A_C=12)       :    -4.946     7.460
   Top    ioniz.  I,II,III [%]:     0.000     0.464   100.327
   Top    num. density[1/cm^3]: 0.401E+07
   Bottom ioniz.  I,II,III [%]:     1.352    98.535     0.106
   Bottom num. density[1/cm^3]: 0.389E+13

 HSRA ATMOSPHERE: log(TAULOS), TAULOS/COSTH, TEMPE
 --------------------------------
 - Continuum normalized to HSRA -
 -     Borrero 30.10.2008       -
 --------------------------------
 I_c(HSRA):    1.0395587287250487     

 ZEEMAN SHIFTS/STRENGTHS:
   Element, Ion, wlref[A]: FeI    5250.2080
   Jl, Ju                         =   0.000   1.000
   Lande factors (LS) gl,gu,geff  =   0.000   3.000   3.000
   Transition type: b  Delta M =  1  Multiplicity =   1 :
          Shift:    -3.86065E-02 mA;       Str.:     2.50000E-01
   Transition type: p  Delta M =  0  Multiplicity =   1 :
          Shift:     0.00000E+00 mA;       Str.:     5.00000E-01
   Transition type: r  Delta M = -1  Multiplicity =   1 :
          Shift:     3.86065E-02 mA;       Str.:     2.50000E-01
   (Un-split line has unit strength.)
 COLLISIONAL DAMPING: (Anstee,Barklem,OMara)
   Element, Ion, wlref[A]     :      FeI   5250.2080
   Lower state N*, l, cfg     :     1.322         0    s2 a5D
   Upper state N*, l, cfg     :     1.584         1    (5D)sp z7D
   sigma [a.u.], alpha        :   206.900     0.253
   w/N [E-8 rad/s/cm3] T=5000 :     0.584
   E_emp, E_new        T=5000 :     1.000     3.257
 OSCILLATOR STRENGTH/NUMBER DENSITIES
   loggf, abund(A_C=12)       :    -4.938     7.460
   Top    ioniz.  I,II,III [%]:     0.000     0.464   100.327
   Top    num. density[1/cm^3]: 0.401E+07
   Bottom ioniz.  I,II,III [%]:     1.352    98.535     0.106
   Bottom num. density[1/cm^3]: 0.389E+13

 --------------------------------
 - Continuum normalized to HSRA -
 -     Borrero 30.10.2008       -
 --------------------------------
 I_c(HSRA):    1.0398660446991799     

 ZEEMAN SHIFTS/STRENGTHS:
   Element, Ion, wlref[A]: FeI    6301.5012
   Jl, Ju                         =   2.000   2.000
   Lande factors (LS) gl,gu,geff  =   1.833   1.500   1.667
   Transition type: b  Delta M =  1  Multiplicity =   4 :
          Shift:    -2.16283E-02 mA;       Str.:     5.00000E-02
          Shift:    -2.78078E-02 mA;       Str.:     7.50000E-02
          Shift:    -3.39873E-02 mA;       Str.:     7.50000E-02
          Shift:    -4.01668E-02 mA;       Str.:     5.00000E-02
   Transition type: p  Delta M =  0  Multiplicity =   5 :
          Shift:     1.23590E-02 mA;       Str.:     2.00000E-01
          Shift:     6.17950E-03 mA;       Str.:     5.00000E-02
          Shift:     0.00000E+00 mA;       Str.:     0.00000E+00
          Shift:    -6.17950E-03 mA;       Str.:     5.00000E-02
          Shift:    -1.23590E-02 mA;       Str.:     2.00000E-01
   Transition type: r  Delta M = -1  Multiplicity =   4 :
          Shift:     4.01668E-02 mA;       Str.:     5.00000E-02
          Shift:     3.39873E-02 mA;       Str.:     7.50000E-02
          Shift:     2.78078E-02 mA;       Str.:     7.50000E-02
          Shift:     2.16283E-02 mA;       Str.:     5.00000E-02
   (Un-split line has unit strength.)

 ZEEMAN SHIFTS/STRENGTHS:
   Element, Ion, wlref[A]: FeI    6302.4936
   Jl, Ju                         =   1.000   0.000
   Lande factors (LS) gl,gu,geff  =   2.500   0.000   2.500
   Transition type: b  Delta M =  1  Multiplicity =   1 :
          Shift:    -4.63609E-02 mA;       Str.:     2.50000E-01
   Transition type: p  Delta M =  0  Multiplicity =   1 :
          Shift:     0.00000E+00 mA;       Str.:     5.00000E-01
   Transition type: r  Delta M = -1  Multiplicity =   1 :
          Shift:     4.63609E-02 mA;       Str.:     2.50000E-01
   (Un-split line has unit strength.)

 ZEEMAN SHIFTS/STRENGTHS:
   Element, Ion, wlref[A]: TiI    6303.7560
   Jl, Ju                         =   3.000   3.000
   Lande factors (LS) gl,gu,geff  =   1.083   0.750   0.917
   Transition type: b  Delta M =  1  Multiplicity =   6 :
          Shift:    -1.54598E-03 mA;       Str.:     2.67857E-02
          Shift:    -7.72991E-03 mA;       Str.:     4.46429E-02
          Shift:    -1.39138E-02 mA;       Str.:     5.35714E-02
          Shift:    -2.00978E-02 mA;       Str.:     5.35714E-02
          Shift:    -2.62817E-02 mA;       Str.:     4.46429E-02
          Shift:    -3.24656E-02 mA;       Str.:     2.67857E-02
   Transition type: p  Delta M =  0  Multiplicity =   7 :
          Shift:     1.85518E-02 mA;       Str.:     1.60714E-01
          Shift:     1.23678E-02 mA;       Str.:     7.14286E-02
          Shift:     6.18392E-03 mA;       Str.:     1.78571E-02
          Shift:     0.00000E+00 mA;       Str.:     0.00000E+00
          Shift:    -6.18392E-03 mA;       Str.:     1.78571E-02
          Shift:    -1.23678E-02 mA;       Str.:     7.14286E-02
          Shift:    -1.85518E-02 mA;       Str.:     1.60714E-01
   Transition type: r  Delta M = -1  Multiplicity =   6 :
          Shift:     3.24656E-02 mA;       Str.:     2.67857E-02
          Shift:     2.62817E-02 mA;       Str.:     4.46429E-02
          Shift:     2.00978E-02 mA;       Str.:     5.35714E-02
          Shift:     1.39138E-02 mA;       Str.:     5.35714E-02
          Shift:     7.72991E-03 mA;       Str.:     4.46429E-02
          Shift:     1.54598E-03 mA;       Str.:     2.67857E-02
   (Un-split line has unit strength.)
 COLLISIONAL DAMPING: (Anstee,Barklem,OMara)
   Element, Ion, wlref[A]     :      FeI   6301.5012
   Lower state N*, l, cfg     :     1.789         1    (5D)sp z5P
   Upper state N*, l, cfg     :     2.441         0    s6D)5s e5D
   sigma [a.u.], alpha        :   832.478     0.243
   w/N [E-8 rad/s/cm3] T=5000 :     2.350
   E_emp, E_new        T=5000 :     1.000     2.298
 OSCILLATOR STRENGTH/NUMBER DENSITIES
   loggf, abund(A_C=12)       :    -0.718     7.460
   Top    ioniz.  I,II,III [%]:     0.000     0.464   100.327
   Top    num. density[1/cm^3]: 0.401E+07
   Bottom ioniz.  I,II,III [%]:     1.352    98.535     0.106
   Bottom num. density[1/cm^3]: 0.389E+13

 COLLISIONAL DAMPING: (Anstee,Barklem,OMara)
   Element, Ion, wlref[A]     :      FeI   6302.4936
   Lower state N*, l, cfg     :     1.796         1    (5D)sp z5P
   Upper state N*, l, cfg     :     2.459         0    s6D)5s e5D
   sigma [a.u.], alpha        :   847.532     0.240
   w/N [E-8 rad/s/cm3] T=5000 :     2.394
   E_emp, E_new        T=5000 :     1.000     2.312
 OSCILLATOR STRENGTH/NUMBER DENSITIES
   loggf, abund(A_C=12)       :    -1.236     7.460
   Top    ioniz.  I,II,III [%]:     0.000     0.464   100.327
   Top    num. density[1/cm^3]: 0.401E+07
   Bottom ioniz.  I,II,III [%]:     1.352    98.535     0.106
   Bottom num. density[1/cm^3]: 0.389E+13

 COLLISIONAL DAMPING: (Anstee,Barklem,OMara)
   Element, Ion, wlref[A]     :      TiI   6303.7560
   Lower state N*, l, cfg     :     1.589         0    s2 a5D
   Upper state N*, l, cfg     :     1.994         1    (3F)sp z3G
   sigma [a.u.], alpha        :   357.163     0.236
   w/N [E-8 rad/s/cm3] T=5000 :     1.010
   E_emp, E_new        T=5000 :     1.000     2.018
 OSCILLATOR STRENGTH/NUMBER DENSITIES
   loggf, abund(A_C=12)       :    -1.611     4.880
   Top    ioniz.  I,II,III [%]:     0.000     0.034   117.900
   Top    num. density[1/cm^3]: 0.106E+05
   Bottom ioniz.  I,II,III [%]:     0.398    97.706     1.985
   Bottom num. density[1/cm^3]: 0.102E+11

 --------------------------------
 - Continuum normalized to HSRA -
 -     Borrero 30.10.2008       -
 --------------------------------
 I_c(HSRA):    1.0385740603824918     

 ZEEMAN SHIFTS/STRENGTHS:
   Element, Ion, wlref[A]: FeI   15648.5180
   Jl, Ju                         =   1.000   1.000
   Lande factors (LS) gl,gu,geff  =   3.000   3.000   3.000
   Transition type: b  Delta M =  1  Multiplicity =   1 :
          Shift:    -3.42969E-01 mA;       Str.:     2.50000E-01
   Transition type: p  Delta M =  0  Multiplicity =   1 :
          Shift:     0.00000E+00 mA;       Str.:     5.00000E-01
   Transition type: r  Delta M = -1  Multiplicity =   1 :
          Shift:     3.42969E-01 mA;       Str.:     2.50000E-01
   (Un-split line has unit strength.)
 COLLISIONAL DAMPING: (Anstee,Barklem,OMara)
   Element, Ion, wlref[A]     :      FeI  15648.5180
   Lower state N*, l, cfg     :     2.343         0    s6D)5s e7D
   Upper state N*, l, cfg     :     2.841         1    s6D)5p 7D
   sigma [a.u.], alpha        :   974.397     0.229
   w/N [E-8 rad/s/cm3] T=5000 :     2.754
   E_emp, E_new        T=5000 :     1.000     2.845
 OSCILLATOR STRENGTH/NUMBER DENSITIES
   loggf, abund(A_C=12)       :    -0.675     7.460
   Top    ioniz.  I,II,III [%]:     0.000     0.464   100.327
   Top    num. density[1/cm^3]: 0.401E+07
   Bottom ioniz.  I,II,III [%]:     1.394    98.526     0.073
   Bottom num. density[1/cm^3]: 0.384E+13


 ZEEMAN SHIFTS/STRENGTHS:
   Element, Ion, wlref[A]: FeI   15652.8740
   Jl, Ju                         =   5.000   4.000
   Lande factors      gl,gu,geff  =   1.510   1.499   1.532
   Lande factors (LS) gl,gu,geff  =   1.600   0.400   4.000
   Transition type: b  Delta M =  1  Multiplicity =   9 :
          Shift:    -1.67691E-01 mA;       Str.:     1.51515E-03
          Shift:    -1.68949E-01 mA;       Str.:     4.54545E-03
          Shift:    -1.70207E-01 mA;       Str.:     9.09091E-03
          Shift:    -1.71465E-01 mA;       Str.:     1.51515E-02
          Shift:    -1.72724E-01 mA;       Str.:     2.27273E-02
          Shift:    -1.73982E-01 mA;       Str.:     3.18182E-02
          Shift:    -1.75240E-01 mA;       Str.:     4.24242E-02
          Shift:    -1.76498E-01 mA;       Str.:     5.45455E-02
          Shift:    -1.77757E-01 mA;       Str.:     6.81818E-02
   Transition type: p  Delta M =  0  Multiplicity =   9 :
          Shift:     5.03301E-03 mA;       Str.:     2.72727E-02
          Shift:     3.77476E-03 mA;       Str.:     4.84848E-02
          Shift:     2.51650E-03 mA;       Str.:     6.36364E-02
          Shift:     1.25825E-03 mA;       Str.:     7.27273E-02
          Shift:     0.00000E+00 mA;       Str.:     7.57576E-02
          Shift:    -1.25825E-03 mA;       Str.:     7.27273E-02
          Shift:    -2.51650E-03 mA;       Str.:     6.36364E-02
          Shift:    -3.77476E-03 mA;       Str.:     4.84848E-02
          Shift:    -5.03301E-03 mA;       Str.:     2.72727E-02
   Transition type: r  Delta M = -1  Multiplicity =   9 :
          Shift:     1.77757E-01 mA;       Str.:     6.81818E-02
          Shift:     1.76498E-01 mA;       Str.:     5.45455E-02
          Shift:     1.75240E-01 mA;       Str.:     4.24242E-02
          Shift:     1.73982E-01 mA;       Str.:     3.18182E-02
          Shift:     1.72724E-01 mA;       Str.:     2.27273E-02
          Shift:     1.71465E-01 mA;       Str.:     1.51515E-02
          Shift:     1.70207E-01 mA;       Str.:     9.09091E-03
          Shift:     1.68949E-01 mA;       Str.:     4.54545E-03
          Shift:     1.67691E-01 mA;       Str.:     1.51515E-03
   (Un-split line has unit strength.)
 COLLISIONAL DAMPING: (Anstee,Barklem,OMara)
   Element, Ion, wlref[A]     :      FeI  15652.8740
   Lower state N*, l, cfg     :     2.865         2    4s(6D)4d f7D
   Upper state N*, l, cfg     :     3.966         3    4f [7/2]4
   sigma [a.u.], alpha        :  1445.000     0.330
   w/N [E-8 rad/s/cm3] T=5000 :     4.053
   E_emp, E_new        T=5000 :     1.000     2.459
 OSCILLATOR STRENGTH/NUMBER DENSITIES
   loggf, abund(A_C=12)       :    -0.043     7.460
   Top    ioniz.  I,II,III [%]:     0.000     0.464   100.327
   Top    num. density[1/cm^3]: 0.401E+07
   Bottom ioniz.  I,II,III [%]:     1.394    98.526     0.073
   Bottom num. density[1/cm^3]: 0.384E+13

 FD:   1 of   1 :   -STO-  -----(RF)-----

 REAL, CPU TIME USED [s]:    0.14********
 AVG LOAD, %SYS TIME [%]:********   13.67

 TERMINATED NORMALLY AT:20150205153126.282

