This is pdfTeX, Version 3.1415926-2.5-1.40.14 (TeX Live 2013/Debian) (format=pdflatex 2015.3.21)  3 JUN 2015 16:06
entering extended mode
 restricted \write18 enabled.
 %&-line parsing enabled.
**response.tex
(./response.tex
LaTeX2e <2011/06/27>
Babel <3.9h> and hyphenation patterns for 78 languages loaded.
(/usr/share/texlive/texmf-dist/tex/latex/base/article.cls
Document Class: article 2007/10/19 v1.4h Standard LaTeX document class
(/usr/share/texlive/texmf-dist/tex/latex/base/size10.clo
File: size10.clo 2007/10/19 v1.4h Standard LaTeX file (size option)
)
\c@part=\count79
\c@section=\count80
\c@subsection=\count81
\c@subsubsection=\count82
\c@paragraph=\count83
\c@subparagraph=\count84
\c@figure=\count85
\c@table=\count86
\abovecaptionskip=\skip41
\belowcaptionskip=\skip42
\bibindent=\dimen102
) (./response.aux)
\openout1 = `response.aux'.

LaTeX Font Info:    Checking defaults for OML/cmm/m/it on input line 3.
LaTeX Font Info:    ... okay on input line 3.
LaTeX Font Info:    Checking defaults for T1/cmr/m/n on input line 3.
LaTeX Font Info:    ... okay on input line 3.
LaTeX Font Info:    Checking defaults for OT1/cmr/m/n on input line 3.
LaTeX Font Info:    ... okay on input line 3.
LaTeX Font Info:    Checking defaults for OMS/cmsy/m/n on input line 3.
LaTeX Font Info:    ... okay on input line 3.
LaTeX Font Info:    Checking defaults for OMX/cmex/m/n on input line 3.
LaTeX Font Info:    ... okay on input line 3.
LaTeX Font Info:    Checking defaults for U/cmr/m/n on input line 3.
LaTeX Font Info:    ... okay on input line 3.
LaTeX Font Info:    External font `cmex10' loaded for size
(Font)              <7> on input line 7.
LaTeX Font Info:    External font `cmex10' loaded for size
(Font)              <5> on input line 7.

[1

{/var/lib/texmf/fonts/map/pdftex/updmap/pdftex.map}]
Overfull \hbox (76.75162pt too wide) detected at line 64
[] \OT1/cmr/m/n/10 = \OML/cmm/m/it/10 R[][] \OT1/cmr/m/n/10 = \OML/cmm/m/it/10 
R[][] [] [] '[]\OT1/cmr/m/n/10 (\OML/cmm/m/it/10 ^^W\OT1/cmr/m/n/10 )\OML/cmm/m
/it/10 I[]\OT1/cmr/m/n/10 (\OML/cmm/m/it/10 ^^W; \OT1/cmr/m/n/10 
)d
d\OML/cmm/m/it/10 ^^W \OT1/cmr/m/n/10 = \OML/cmm/m/it/10 R[] [] [] []'[]\OT1/cm
r/m/n/10 (\OML/cmm/m/it/10 ^^W\OT1/cmr/m/n/10 )\OML/cmm/m/it/10 I[]\OT1/cmr/m/n
/10 (\OML/cmm/m/it/10 ^^W; \OT1/cmr/m/n/10 
)d
d\OML/cmm/m/it/10 ^^W
 []

[2]
Overfull \hbox (17.31068pt too wide) detected at line 138
[][] \OT1/cmr/m/n/10 = [] [] [][][]\OML/cmm/m/it/10 n[] \OT1/cmr/m/n/10 + [] []
\OML/cmm/m/it/10 n[] \OT1/cmr/m/n/10 = [] [] [] + [] []\OML/cmm/m/it/10 n[]
 []

[3]
Underfull \hbox (badness 10000) in paragraph at lines 164--167

 []

LaTeX Font Info:    Try loading font information for OMS+cmr on input line 170.

(/usr/share/texlive/texmf-dist/tex/latex/base/omscmr.fd
File: omscmr.fd 1999/05/25 v2.5h Standard LaTeX font definitions
)
LaTeX Font Info:    Font shape `OMS/cmr/m/n' in size <10> not available
(Font)              Font shape `OMS/cmsy/m/n' tried instead on input line 170.
 [4]
Underfull \hbox (badness 10000) in paragraph at lines 175--177

 []

[5] [6] (./response.aux) ) 
Here is how much of TeX's memory you used:
 231 strings out of 493304
 2592 string characters out of 6139871
 59880 words of memory out of 5000000
 3768 multiletter control sequences out of 15000+600000
 5172 words of font info for 19 fonts, out of 8000000 for 9000
 957 hyphenation exceptions out of 8191
 23i,7n,19p,671b,167s stack positions out of 5000i,500n,10000p,200000b,80000s
</usr/share/texlive/texmf-dist/fonts/type1/public/ams
fonts/cm/cmbx10.pfb></usr/share/texlive/texmf-dist/fonts/type1/public/amsfonts/
cm/cmbx12.pfb></usr/share/texlive/texmf-dist/fonts/type1/public/amsfonts/cm/cmb
x7.pfb></usr/share/texlive/texmf-dist/fonts/type1/public/amsfonts/cm/cmex10.pfb
></usr/share/texlive/texmf-dist/fonts/type1/public/amsfonts/cm/cmmi10.pfb></usr
/share/texlive/texmf-dist/fonts/type1/public/amsfonts/cm/cmmi5.pfb></usr/share/
texlive/texmf-dist/fonts/type1/public/amsfonts/cm/cmmi7.pfb></usr/share/texlive
/texmf-dist/fonts/type1/public/amsfonts/cm/cmr10.pfb></usr/share/texlive/texmf-
dist/fonts/type1/public/amsfonts/cm/cmr5.pfb></usr/share/texlive/texmf-dist/fon
ts/type1/public/amsfonts/cm/cmr7.pfb></usr/share/texlive/texmf-dist/fonts/type1
/public/amsfonts/cm/cmsy10.pfb></usr/share/texlive/texmf-dist/fonts/type1/publi
c/amsfonts/cm/cmsy5.pfb></usr/share/texlive/texmf-dist/fonts/type1/public/amsfo
nts/cm/cmsy7.pfb>
Output written on response.pdf (6 pages, 163591 bytes).
PDF statistics:
 75 PDF objects out of 1000 (max. 8388607)
 53 compressed objects within 1 object stream
 0 named destinations out of 1000 (max. 500000)
 1 words of extra memory for PDF output out of 10000 (max. 10000000)

