This is pdfTeX, Version 3.14159265-2.6-1.40.15 (TeX Live 2015/dev/Debian) (preloaded format=latex 2015.7.14)  20 JAN 2017 15:48
entering extended mode
 restricted \write18 enabled.
 %&-line parsing enabled.
**responses_I.tex
(./responses_I.tex
LaTeX2e <2014/05/01>
Babel <3.9l> and hyphenation patterns for 79 languages loaded.
(./aa.cls
Document Class: aa 2010/20/02 v7.0 
LaTeX document class for Astronomy and Astrophysics journal
(/usr/share/texlive/texmf-dist/tex/latex/base/fleqn.clo
File: fleqn.clo 1998/08/17 v1.1c Standard LaTeX option (flush left equations)
\mathindent=\dimen102
)
\logodepth=\dimen103
\headerboxheight=\dimen104
\betweenumberspace=\dimen105
\aftertext=\dimen106
\headlineindent=\dimen107
\c@inst=\count79
\c@auth=\count80
\instindent=\dimen108
\authrun=\box26
\authorrunning=\toks14
\titrun=\box27
\titlerunning=\toks15
\number@fw@rds=\count81
\c@section=\count82
\c@subsection=\count83
\c@subsubsection=\count84
\c@paragraph=\count85
\c@subparagraph=\count86
\c@theorem=\count87
\figgap=\dimen109
\c@append=\count88
\c@figure=\count89
\c@table=\count90
\abovecaptionskip=\skip41
\belowcaptionskip=\skip42
\figcapgap=\dimen110
\tabcapgap=\dimen111
\bibindent=\dimen112
)
(/usr/share/texlive/texmf-dist/tex/latex/graphics/color.sty
Package: color 2014/04/23 v1.1a Standard LaTeX Color (DPC)

(/usr/share/texlive/texmf-dist/tex/latex/latexconfig/color.cfg
File: color.cfg 2007/01/18 v1.5 color configuration of teTeX/TeXLive
)
Package color Info: Driver file: dvips.def on input line 137.

(/usr/share/texlive/texmf-dist/tex/latex/graphics/dvips.def
File: dvips.def 2014/04/23 v3.0j Driver-dependant file (DPC,SPQR)
)
(/usr/share/texlive/texmf-dist/tex/latex/graphics/dvipsnam.def
File: dvipsnam.def 2014/04/23 v3.0j Driver-dependant file (DPC,SPQR)
))
(/usr/share/texlive/texmf-dist/tex/latex/amsmath/amsmath.sty
Package: amsmath 2013/01/14 v2.14 AMS math features
\@mathmargin=\skip43

For additional information on amsmath, use the `?' option.
(/usr/share/texlive/texmf-dist/tex/latex/amsmath/amstext.sty
Package: amstext 2000/06/29 v2.01

(/usr/share/texlive/texmf-dist/tex/latex/amsmath/amsgen.sty
File: amsgen.sty 1999/11/30 v2.0
\@emptytoks=\toks16
\ex@=\dimen113
))
(/usr/share/texlive/texmf-dist/tex/latex/amsmath/amsbsy.sty
Package: amsbsy 1999/11/29 v1.2d
\pmbraise@=\dimen114
)
(/usr/share/texlive/texmf-dist/tex/latex/amsmath/amsopn.sty
Package: amsopn 1999/12/14 v2.01 operator names
)
\inf@bad=\count91
LaTeX Info: Redefining \frac on input line 210.
\uproot@=\count92
\leftroot@=\count93
LaTeX Info: Redefining \overline on input line 306.
\classnum@=\count94
\DOTSCASE@=\count95
LaTeX Info: Redefining \ldots on input line 378.
LaTeX Info: Redefining \dots on input line 381.
LaTeX Info: Redefining \cdots on input line 466.
\Mathstrutbox@=\box28
\strutbox@=\box29
\big@size=\dimen115
LaTeX Font Info:    Redeclaring font encoding OML on input line 566.
LaTeX Font Info:    Redeclaring font encoding OMS on input line 567.


Package amsmath Warning: Unable to redefine math accent \vec.

\macc@depth=\count96
\c@MaxMatrixCols=\count97
\dotsspace@=\muskip10
\c@parentequation=\count98
\dspbrk@lvl=\count99
\tag@help=\toks17
\row@=\count100
\column@=\count101
\maxfields@=\count102
\andhelp@=\toks18
\eqnshift@=\dimen116
\alignsep@=\dimen117
\tagshift@=\dimen118
\tagwidth@=\dimen119
\totwidth@=\dimen120
\lineht@=\dimen121
\@envbody=\toks19
\multlinegap=\skip44
\multlinetaggap=\skip45
\mathdisplay@stack=\toks20
LaTeX Info: Redefining \[ on input line 2665.
LaTeX Info: Redefining \] on input line 2666.
) (/usr/share/texlive/texmf-dist/tex/latex/natbib/natbib.sty
Package: natbib 2010/09/13 8.31b (PWD, AO)
\bibhang=\skip46
\bibsep=\skip47
LaTeX Info: Redefining \cite on input line 694.
\c@NAT@ctr=\count103
)
(/usr/share/texlive/texmf-dist/tex/latex/graphics/graphicx.sty
Package: graphicx 2014/04/25 v1.0g Enhanced LaTeX Graphics (DPC,SPQR)

(/usr/share/texlive/texmf-dist/tex/latex/graphics/keyval.sty
Package: keyval 2014/05/08 v1.15 key=value parser (DPC)
\KV@toks@=\toks21
)
(/usr/share/texlive/texmf-dist/tex/latex/graphics/graphics.sty
Package: graphics 2009/02/05 v1.0o Standard LaTeX Graphics (DPC,SPQR)

(/usr/share/texlive/texmf-dist/tex/latex/graphics/trig.sty
Package: trig 1999/03/16 v1.09 sin cos tan (DPC)
)
(/usr/share/texlive/texmf-dist/tex/latex/latexconfig/graphics.cfg
File: graphics.cfg 2010/04/23 v1.9 graphics configuration of TeX Live
)
Package graphics Info: Driver file: dvips.def on input line 91.
)
\Gin@req@height=\dimen122
\Gin@req@width=\dimen123
)
(./responses_I.aux)
\openout1 = `responses_I.aux'.

LaTeX Font Info:    Checking defaults for OML/cmm/m/it on input line 22.
LaTeX Font Info:    ... okay on input line 22.
LaTeX Font Info:    Checking defaults for T1/cmr/m/n on input line 22.
LaTeX Font Info:    ... okay on input line 22.
LaTeX Font Info:    Checking defaults for OT1/cmr/m/n on input line 22.
LaTeX Font Info:    ... okay on input line 22.
LaTeX Font Info:    Checking defaults for OMS/cmsy/m/n on input line 22.
LaTeX Font Info:    ... okay on input line 22.
LaTeX Font Info:    Checking defaults for OMX/cmex/m/n on input line 22.
LaTeX Font Info:    ... okay on input line 22.
LaTeX Font Info:    Checking defaults for U/cmr/m/n on input line 22.
LaTeX Font Info:    ... okay on input line 22.
LaTeX Font Info:    Try loading font information for OMS+cmr on input line 58.
 (/usr/share/texlive/texmf-dist/tex/latex/base/omscmr.fd
File: omscmr.fd 2014/09/29 v2.5h Standard LaTeX font definitions
)
LaTeX Font Info:    Font shape `OMS/cmr/m/n' in size <10> not available
(Font)              Font shape `OMS/cmsy/m/n' tried instead on input line 58.

Underfull \hbox (badness 1622) in paragraph at lines 58--58
 []\OT1/cmr/m/n/9 Max-Planck-Institut f^^?ur Sonnersystemforschung, Justus-von-
Liebig-Weg 3, 37077 
 []


Underfull \hbox (badness 1622) in paragraph at lines 58--58
 []\OT1/cmr/m/n/9 Max-Planck-Institut f^^?ur Sonnersystemforschung, Justus-von-
Liebig-Weg 3, 37077 
 []


LaTeX Font Warning: Font shape `OT1/cmss/m/it' in size <9> not available
(Font)              Font shape `OT1/cmss/m/sl' tried instead on input line 58.


Underfull \hbox (badness 1694) in paragraph at lines 64--66
\OT1/cmr/m/n/10 Response func-tions of spec-tral lines (Mein 1971; Beckers & Mi
lkey 1975; Landi
 []

[1

] [2] [3]

LaTeX Font Warning: Font shape `OT1/cmss/m/it' in size <10> not available
(Font)              Font shape `OT1/cmss/m/sl' tried instead on input line 123.


[4] [5] [6] [7] [8] [9]
File: ex_1_numerical_responses_intensity_temperature.eps Graphic file (type eps
)
 <ex_1_numerical_responses_intensity_temperature.eps>
File: ex_1_analytical_responses_intensity_temperature.eps Graphic file (type ep
s)

<ex_1_analytical_responses_intensity_temperature.eps>
File: ex_1_fdc_analytical_responses_intensity_temperature.eps Graphic file (typ
e eps)

<ex_1_fdc_analytical_responses_intensity_temperature.eps>
File: ex_1_relative_difference_responses_intensity_temperature.eps Graphic file
 (type eps)

<ex_1_relative_difference_responses_intensity_temperature.eps>
Overfull \hbox (2.05553pt too wide) in paragraph at lines 294--298
[][] []
 []


Overfull \hbox (2.05553pt too wide) in paragraph at lines 294--298
[] [] 
 []

[10] [11]
File: ex_2_numerical_responses_intensity_temperature.eps Graphic file (type eps
)
 <ex_2_numerical_responses_intensity_temperature.eps>
File: ex_2_analytical_responses_intensity_temperature.eps Graphic file (type ep
s)

<ex_2_analytical_responses_intensity_temperature.eps>
File: ex_2_relative_difference_responses_intensity_temperature.eps Graphic file
 (type eps)

<ex_2_relative_difference_responses_intensity_temperature.eps>
Underfull \hbox (badness 10000) in paragraph at lines 317--320
[][] []
 []

[12]
File: ex_3_spectrum.eps Graphic file (type eps)
 <ex_3_spectrum.eps>
File: ex_3_numerical_responses_intensity_temperature.eps Graphic file (type eps
)
 <ex_3_numerical_responses_intensity_temperature.eps>
File: ex_3_analytical_responses_intensity_temperature.eps Graphic file (type ep
s)

<ex_3_analytical_responses_intensity_temperature.eps>
File: ex_3_relative_difference_responses_intensity_temperature.eps Graphic file
 (type eps)

<ex_3_relative_difference_responses_intensity_temperature.eps>
Overfull \hbox (2.05553pt too wide) in paragraph at lines 334--338
[][] []
 []


Overfull \hbox (2.05553pt too wide) in paragraph at lines 334--338
[] [] 
 []

[13] [14] [15] (./responses_I.bbl [16]) [17] (./responses_I.aux) ) 
Here is how much of TeX's memory you used:
 2174 strings out of 493106
 26037 string characters out of 6137098
 94493 words of memory out of 5000000
 5628 multiletter control sequences out of 15000+600000
 16596 words of font info for 58 fonts, out of 8000000 for 9000
 1141 hyphenation exceptions out of 8191
 27i,11n,25p,1278b,255s stack positions out of 5000i,500n,10000p,200000b,80000s

Output written on responses_I.dvi (17 pages, 77808 bytes).
